<?xml version="1.0" encoding="UTF-8"?>
<!-- Generated by org.testng.reporters.JUnitReportReporter -->
<testsuite hostname="DESKTOP-JV6CSL3" failures="0" tests="1" name="com.saucedeom.pomclass.Test1" time="0.007" errors="0" timestamp="2022-08-04T18:43:21 IST" skipped="0">
  <testcase classname="com.saucedeom.pomclass.Test1" name="verifyLoginFunctionality" time="0.007"/>
  <system-out/>
</testsuite> <!-- com.saucedeom.pomclass.Test1 -->
