<?xml version="1.0" encoding="UTF-8"?>
<!-- Generated by org.testng.reporters.JUnitReportReporter -->
<testsuite hostname="DESKTOP-JV6CSL3" failures="0" tests="1" name="com.saucedeom.testclass.TC001Verifyloginfunctionality" time="6.254" errors="0" timestamp="2022-08-06T18:31:14 IST" skipped="0">
  <testcase classname="com.saucedeom.testclass.TC001Verifyloginfunctionality" name="loginFuntionality" time="6.254"/>
  <system-out/>
</testsuite> <!-- com.saucedeom.testclass.TC001Verifyloginfunctionality -->
